[2020-10-29 10:31:19,208] {scheduler_job.py:154} INFO - Started process (PID=17512) to work on /home/dtn/airflow/dags/my_dag.py
[2020-10-29 10:31:19,209] {scheduler_job.py:1589} INFO - Processing file /home/dtn/airflow/dags/my_dag.py for tasks to queue
[2020-10-29 10:31:19,209] {logging_mixin.py:112} INFO - [2020-10-29 10:31:19,209] {dagbag.py:417} INFO - Filling up the DagBag from /home/dtn/airflow/dags/my_dag.py
[2020-10-29 10:31:19,214] {scheduler_job.py:1601} INFO - DAG(s) dict_keys(['hello_world']) retrieved from /home/dtn/airflow/dags/my_dag.py
[2020-10-29 10:31:19,218] {logging_mixin.py:112} INFO - [2020-10-29 10:31:19,218] {dag.py:1520} INFO - Creating ORM DAG for hello_world
[2020-10-29 10:31:19,226] {scheduler_job.py:162} INFO - Processing /home/dtn/airflow/dags/my_dag.py took 0.018 seconds
[2020-10-29 10:32:11,258] {scheduler_job.py:154} INFO - Started process (PID=17540) to work on /home/dtn/airflow/dags/my_dag.py
[2020-10-29 10:32:11,260] {scheduler_job.py:1589} INFO - Processing file /home/dtn/airflow/dags/my_dag.py for tasks to queue
[2020-10-29 10:32:11,260] {logging_mixin.py:112} INFO - [2020-10-29 10:32:11,260] {dagbag.py:417} INFO - Filling up the DagBag from /home/dtn/airflow/dags/my_dag.py
[2020-10-29 10:32:11,264] {scheduler_job.py:1601} INFO - DAG(s) dict_keys(['hello_world']) retrieved from /home/dtn/airflow/dags/my_dag.py
[2020-10-29 10:32:11,279] {scheduler_job.py:162} INFO - Processing /home/dtn/airflow/dags/my_dag.py took 0.021 seconds
[2020-10-29 10:33:03,328] {scheduler_job.py:154} INFO - Started process (PID=17566) to work on /home/dtn/airflow/dags/my_dag.py
[2020-10-29 10:33:03,330] {scheduler_job.py:1589} INFO - Processing file /home/dtn/airflow/dags/my_dag.py for tasks to queue
[2020-10-29 10:33:03,330] {logging_mixin.py:112} INFO - [2020-10-29 10:33:03,330] {dagbag.py:417} INFO - Filling up the DagBag from /home/dtn/airflow/dags/my_dag.py
[2020-10-29 10:33:03,335] {scheduler_job.py:1601} INFO - DAG(s) dict_keys(['hello_world']) retrieved from /home/dtn/airflow/dags/my_dag.py
[2020-10-29 10:33:03,356] {scheduler_job.py:162} INFO - Processing /home/dtn/airflow/dags/my_dag.py took 0.027 seconds
[2020-10-29 10:33:55,412] {scheduler_job.py:154} INFO - Started process (PID=17593) to work on /home/dtn/airflow/dags/my_dag.py
[2020-10-29 10:33:55,413] {scheduler_job.py:1589} INFO - Processing file /home/dtn/airflow/dags/my_dag.py for tasks to queue
[2020-10-29 10:33:55,413] {logging_mixin.py:112} INFO - [2020-10-29 10:33:55,413] {dagbag.py:417} INFO - Filling up the DagBag from /home/dtn/airflow/dags/my_dag.py
[2020-10-29 10:33:55,417] {scheduler_job.py:1601} INFO - DAG(s) dict_keys(['hello_world']) retrieved from /home/dtn/airflow/dags/my_dag.py
[2020-10-29 10:33:55,430] {scheduler_job.py:162} INFO - Processing /home/dtn/airflow/dags/my_dag.py took 0.019 seconds
[2020-10-29 10:34:47,470] {scheduler_job.py:154} INFO - Started process (PID=17642) to work on /home/dtn/airflow/dags/my_dag.py
[2020-10-29 10:34:47,472] {scheduler_job.py:1589} INFO - Processing file /home/dtn/airflow/dags/my_dag.py for tasks to queue
[2020-10-29 10:34:47,472] {logging_mixin.py:112} INFO - [2020-10-29 10:34:47,472] {dagbag.py:417} INFO - Filling up the DagBag from /home/dtn/airflow/dags/my_dag.py
[2020-10-29 10:34:47,476] {scheduler_job.py:1601} INFO - DAG(s) dict_keys(['hello_world']) retrieved from /home/dtn/airflow/dags/my_dag.py
[2020-10-29 10:34:47,491] {scheduler_job.py:162} INFO - Processing /home/dtn/airflow/dags/my_dag.py took 0.021 seconds
[2020-10-29 10:35:39,541] {scheduler_job.py:154} INFO - Started process (PID=17672) to work on /home/dtn/airflow/dags/my_dag.py
[2020-10-29 10:35:39,543] {scheduler_job.py:1589} INFO - Processing file /home/dtn/airflow/dags/my_dag.py for tasks to queue
[2020-10-29 10:35:39,543] {logging_mixin.py:112} INFO - [2020-10-29 10:35:39,543] {dagbag.py:417} INFO - Filling up the DagBag from /home/dtn/airflow/dags/my_dag.py
[2020-10-29 10:35:39,548] {scheduler_job.py:1601} INFO - DAG(s) dict_keys(['hello_world']) retrieved from /home/dtn/airflow/dags/my_dag.py
[2020-10-29 10:35:39,567] {scheduler_job.py:162} INFO - Processing /home/dtn/airflow/dags/my_dag.py took 0.026 seconds
[2020-10-29 10:36:31,609] {scheduler_job.py:154} INFO - Started process (PID=17714) to work on /home/dtn/airflow/dags/my_dag.py
[2020-10-29 10:36:31,611] {scheduler_job.py:1589} INFO - Processing file /home/dtn/airflow/dags/my_dag.py for tasks to queue
[2020-10-29 10:36:31,611] {logging_mixin.py:112} INFO - [2020-10-29 10:36:31,611] {dagbag.py:417} INFO - Filling up the DagBag from /home/dtn/airflow/dags/my_dag.py
[2020-10-29 10:36:31,615] {scheduler_job.py:1601} INFO - DAG(s) dict_keys(['hello_world']) retrieved from /home/dtn/airflow/dags/my_dag.py
[2020-10-29 10:36:31,628] {scheduler_job.py:162} INFO - Processing /home/dtn/airflow/dags/my_dag.py took 0.019 seconds
[2020-10-29 10:37:23,677] {scheduler_job.py:154} INFO - Started process (PID=17773) to work on /home/dtn/airflow/dags/my_dag.py
[2020-10-29 10:37:23,679] {scheduler_job.py:1589} INFO - Processing file /home/dtn/airflow/dags/my_dag.py for tasks to queue
[2020-10-29 10:37:23,679] {logging_mixin.py:112} INFO - [2020-10-29 10:37:23,679] {dagbag.py:417} INFO - Filling up the DagBag from /home/dtn/airflow/dags/my_dag.py
[2020-10-29 10:37:23,683] {scheduler_job.py:1601} INFO - DAG(s) dict_keys(['hello_world']) retrieved from /home/dtn/airflow/dags/my_dag.py
[2020-10-29 10:37:23,704] {scheduler_job.py:162} INFO - Processing /home/dtn/airflow/dags/my_dag.py took 0.027 seconds
